[2021-06-16 10:29:16.012] [puff::index::jointLog] [info] Running fixFasta
[2021-06-16 10:29:16.366] [puff::index::jointLog] [warning] Removed 19 transcripts that were sequence duplicates of indexed transcripts.
[2021-06-16 10:29:16.366] [puff::index::jointLog] [warning] If you wish to retain duplicate transcripts, please use the `--keepDuplicates` flag
[2021-06-16 10:29:16.366] [puff::index::jointLog] [info] Replaced 0 non-ATCG nucleotides
[2021-06-16 10:29:16.366] [puff::index::jointLog] [info] Clipped poly-A tails from 67 transcripts
[2021-06-16 10:29:16.431] [puff::index::jointLog] [info] Filter size not provided; estimating from number of distinct k-mers
[2021-06-16 10:29:16.681] [puff::index::jointLog] [info] ntHll estimated 5421315 distinct k-mers, setting filter size to 2^27
[2021-06-16 10:29:31.396] [puff::index::jointLog] [info] Setting the index/BinaryGfa directory salmon_idx_ensembl_GRCh38_cdna_ncrna_v99_noalt_k31_chr10
[2021-06-16 10:29:31.410] [puff::index::jointLog] [info] Done wrapping the rank vector with a rank9sel structure.
[2021-06-16 10:29:31.421] [puff::index::jointLog] [info] contig count for validation: 37076
[2021-06-16 10:29:31.433] [puff::index::jointLog] [info] Total # of Contigs : 37,076
[2021-06-16 10:29:31.433] [puff::index::jointLog] [info] Total # of numerical Contigs : 37,076
[2021-06-16 10:29:31.461] [puff::index::jointLog] [info] 
Total # of segments we have position for : 37,076
[2021-06-16 10:29:31.463] [puff::index::jointLog] [info] total contig vec entries 155,281
[2021-06-16 10:29:31.463] [puff::index::jointLog] [info] bits per offset entry 18
[2021-06-16 10:29:31.482] [puff::index::jointLog] [info] there were 24,061  equivalence classes
[2021-06-16 10:29:31.525] [puff::index::jointLog] [info] # segments = 37,076
[2021-06-16 10:29:31.525] [puff::index::jointLog] [info] total length = 6,582,821
[2021-06-16 10:29:31.528] [puff::index::jointLog] [info] Reading the reference files ...
[2021-06-16 10:29:31.573] [puff::index::jointLog] [info] positional integer width = 23
[2021-06-16 10:29:31.573] [puff::index::jointLog] [info] seqSize = 6,582,821
[2021-06-16 10:29:31.573] [puff::index::jointLog] [info] rankSize = 6,582,821
[2021-06-16 10:29:31.573] [puff::index::jointLog] [info] edgeVecSize = 0
[2021-06-16 10:29:31.573] [puff::index::jointLog] [info] num keys = 5,470,541
[2021-06-16 10:29:31.907] [puff::index::jointLog] [info] mphf size = 3.41769 MB
[2021-06-16 10:29:31.908] [puff::index::jointLog] [info] chunk size = 3,291,411
[2021-06-16 10:29:31.908] [puff::index::jointLog] [info] chunk 0 = [0, 3,291,411)
[2021-06-16 10:29:31.908] [puff::index::jointLog] [info] chunk 1 = [3,291,411, 6,582,791)
[2021-06-16 10:29:32.275] [puff::index::jointLog] [info] finished populating pos vector
[2021-06-16 10:29:32.275] [puff::index::jointLog] [info] writing index components
[2021-06-16 10:29:32.333] [puff::index::jointLog] [info] finished writing dense pufferfish index
