[2020-02-22 00:29:35.137] [jointLog] [info] Fragment incompatibility prior below threshold.  Incompatible fragments will be ignored.
[2020-02-22 00:29:35.137] [jointLog] [info] Usage of --validateMappings implies use of minScoreFraction. Since not explicitly specified, it is being set to 0.65
[2020-02-22 00:29:35.137] [jointLog] [info] Usage of --validateMappings implies a default consensus slack of 0.2. Setting consensusSlack to 0.35.
[2020-02-22 00:29:35.137] [jointLog] [info] parsing read library format
[2020-02-22 00:29:35.137] [jointLog] [info] There is 1 library.
[2020-02-22 00:29:35.236] [jointLog] [info] Loading pufferfish index
[2020-02-22 00:29:35.237] [jointLog] [info] Loading dense pufferfish index.
[2020-02-22 00:30:00.608] [jointLog] [info] done
[2020-02-22 00:30:00.608] [jointLog] [info] Index contained 226,225 targets
[2020-02-22 00:30:00.696] [jointLog] [info] Number of decoys : 194
[2020-02-22 00:30:00.696] [jointLog] [info] First decoy index : 225,992 
[2020-02-22 00:30:01.079] [jointLog] [info] Automatically detected most likely library type as ISR
[2020-02-22 00:31:53.614] [jointLog] [info] Thread saw mini-batch with a maximum of 0.98% zero probability fragments
[2020-02-22 00:31:53.614] [jointLog] [info] Thread saw mini-batch with a maximum of 1.02% zero probability fragments
[2020-02-22 00:31:53.614] [jointLog] [info] Thread saw mini-batch with a maximum of 0.98% zero probability fragments
[2020-02-22 00:31:53.614] [jointLog] [info] Thread saw mini-batch with a maximum of 0.96% zero probability fragments
[2020-02-22 00:31:53.614] [jointLog] [info] Thread saw mini-batch with a maximum of 0.88% zero probability fragments
[2020-02-22 00:31:53.614] [jointLog] [info] Thread saw mini-batch with a maximum of 0.94% zero probability fragments
[2020-02-22 00:31:53.614] [jointLog] [info] Thread saw mini-batch with a maximum of 0.90% zero probability fragments
[2020-02-22 00:31:53.614] [jointLog] [info] Thread saw mini-batch with a maximum of 0.86% zero probability fragments
[2020-02-22 00:31:53.614] [jointLog] [info] Thread saw mini-batch with a maximum of 1.02% zero probability fragments
[2020-02-22 00:31:53.614] [jointLog] [info] Thread saw mini-batch with a maximum of 0.94% zero probability fragments
[2020-02-22 00:31:53.614] [jointLog] [info] Thread saw mini-batch with a maximum of 1.02% zero probability fragments
[2020-02-22 00:31:53.614] [jointLog] [info] Thread saw mini-batch with a maximum of 0.96% zero probability fragments
[2020-02-22 00:31:53.614] [jointLog] [info] Thread saw mini-batch with a maximum of 0.94% zero probability fragments
[2020-02-22 00:31:53.615] [jointLog] [info] Thread saw mini-batch with a maximum of 0.96% zero probability fragments
[2020-02-22 00:31:53.615] [jointLog] [info] Thread saw mini-batch with a maximum of 0.94% zero probability fragments
[2020-02-22 00:31:53.615] [jointLog] [info] Thread saw mini-batch with a maximum of 0.96% zero probability fragments
[2020-02-22 00:31:53.615] [jointLog] [info] Thread saw mini-batch with a maximum of 1.10% zero probability fragments
[2020-02-22 00:31:53.615] [jointLog] [info] Thread saw mini-batch with a maximum of 0.96% zero probability fragments
[2020-02-22 00:31:53.615] [jointLog] [info] Thread saw mini-batch with a maximum of 0.94% zero probability fragments
[2020-02-22 00:31:53.615] [jointLog] [info] Thread saw mini-batch with a maximum of 1.00% zero probability fragments
[2020-02-22 00:31:53.615] [jointLog] [info] Thread saw mini-batch with a maximum of 0.96% zero probability fragments
[2020-02-22 00:31:53.621] [jointLog] [info] Thread saw mini-batch with a maximum of 0.94% zero probability fragments
[2020-02-22 00:31:53.637] [jointLog] [info] Thread saw mini-batch with a maximum of 0.92% zero probability fragments
[2020-02-22 00:31:53.640] [jointLog] [info] Thread saw mini-batch with a maximum of 0.98% zero probability fragments
[2020-02-22 00:31:53.640] [jointLog] [info] Thread saw mini-batch with a maximum of 0.94% zero probability fragments
[2020-02-22 00:31:53.644] [jointLog] [info] Thread saw mini-batch with a maximum of 0.98% zero probability fragments
[2020-02-22 00:31:53.654] [jointLog] [info] Thread saw mini-batch with a maximum of 0.92% zero probability fragments
[2020-02-22 00:31:53.664] [jointLog] [info] Thread saw mini-batch with a maximum of 0.88% zero probability fragments
[2020-02-22 00:31:53.679] [jointLog] [info] Thread saw mini-batch with a maximum of 1.02% zero probability fragments
[2020-02-22 00:31:53.689] [jointLog] [info] Thread saw mini-batch with a maximum of 1.00% zero probability fragments
[2020-02-22 00:31:53.693] [jointLog] [info] Thread saw mini-batch with a maximum of 0.86% zero probability fragments
[2020-02-22 00:31:53.708] [jointLog] [info] Thread saw mini-batch with a maximum of 1.00% zero probability fragments
[2020-02-22 00:31:53.720] [jointLog] [info] Thread saw mini-batch with a maximum of 0.90% zero probability fragments
[2020-02-22 00:31:53.725] [jointLog] [info] Thread saw mini-batch with a maximum of 0.96% zero probability fragments
[2020-02-22 00:31:53.730] [jointLog] [info] Thread saw mini-batch with a maximum of 1.00% zero probability fragments
[2020-02-22 00:31:53.737] [jointLog] [info] Thread saw mini-batch with a maximum of 0.94% zero probability fragments
[2020-02-22 00:31:53.758] [jointLog] [info] Thread saw mini-batch with a maximum of 0.94% zero probability fragments
[2020-02-22 00:31:53.764] [jointLog] [info] Thread saw mini-batch with a maximum of 1.00% zero probability fragments
[2020-02-22 00:31:53.765] [jointLog] [info] Thread saw mini-batch with a maximum of 0.92% zero probability fragments
[2020-02-22 00:31:53.783] [jointLog] [info] Thread saw mini-batch with a maximum of 0.96% zero probability fragments
[2020-02-22 00:31:55.087] [fileLog] [info] 
At end of round 0
==================
Observed 51400723 total fragments (51400723 in most recent round)

[2020-02-22 00:31:55.086] [jointLog] [info] Computed 1,083,184 rich equivalence classes for further processing
[2020-02-22 00:31:55.086] [jointLog] [info] Counted 46,594,065 total reads in the equivalence classes 
[2020-02-22 00:31:55.118] [jointLog] [info] Number of mappings discarded because of alignment score : 22,473,761
[2020-02-22 00:31:55.118] [jointLog] [info] Number of fragments entirely discarded because of alignment score : 1,540,374
[2020-02-22 00:31:55.118] [jointLog] [info] Number of fragments discarded because they are best-mapped to decoys : 1,242,576
[2020-02-22 00:31:55.118] [jointLog] [info] Number of fragments discarded because they have only dovetail (discordant) mappings to valid targets : 115,857
[2020-02-22 00:31:55.118] [jointLog] [info] Mapping rate = 90.6487%

[2020-02-22 00:31:55.118] [jointLog] [info] finished quantifyLibrary()
[2020-02-22 00:31:55.119] [jointLog] [info] Starting optimizer
[2020-02-22 00:31:55.445] [jointLog] [info] Marked 0 weighted equivalence classes as degenerate
[2020-02-22 00:31:55.465] [jointLog] [info] iteration = 0 | max rel diff. = 1388.2
[2020-02-22 00:31:57.078] [jointLog] [info] iteration = 100 | max rel diff. = 12.4579
[2020-02-22 00:31:58.655] [jointLog] [info] iteration = 200 | max rel diff. = 12.0021
[2020-02-22 00:32:00.230] [jointLog] [info] iteration = 300 | max rel diff. = 2.88302
[2020-02-22 00:32:01.802] [jointLog] [info] iteration = 400 | max rel diff. = 3.3221
[2020-02-22 00:32:03.373] [jointLog] [info] iteration = 500 | max rel diff. = 5.84261
[2020-02-22 00:32:04.942] [jointLog] [info] iteration = 600 | max rel diff. = 1.8162
[2020-02-22 00:32:06.517] [jointLog] [info] iteration = 700 | max rel diff. = 4.62773
[2020-02-22 00:32:08.086] [jointLog] [info] iteration = 800 | max rel diff. = 0.0673424
[2020-02-22 00:32:09.653] [jointLog] [info] iteration = 900 | max rel diff. = 0.0870775
[2020-02-22 00:32:11.221] [jointLog] [info] iteration = 1,000 | max rel diff. = 0.260611
[2020-02-22 00:32:12.786] [jointLog] [info] iteration = 1,100 | max rel diff. = 0.144552
[2020-02-22 00:32:14.353] [jointLog] [info] iteration = 1,200 | max rel diff. = 0.141934
[2020-02-22 00:32:14.979] [jointLog] [info] iteration = 1,241 | max rel diff. = 0.0099671
[2020-02-22 00:32:14.986] [jointLog] [info] Finished optimizer
[2020-02-22 00:32:14.986] [jointLog] [info] writing output 

